<?xml version="1.0" encoding="UTF-8"?>
<testsuite xmlns:xsi="http://www.w3.org/2001/XMLSchema-instance" xsi:noNamespaceSchemaLocation="https://maven.apache.org/surefire/maven-surefire-plugin/xsd/surefire-test-report.xsd" name="ar.edu.unlp.info.oo2.facturacion_llamadas.EmpresaTest" time="0.023" tests="3" errors="0" skipped="0" failures="0">
  <properties>
    <property name="java.specification.version" value="19"/>
    <property name="sun.cpu.isalist" value="amd64"/>
    <property name="sun.jnu.encoding" value="Cp1252"/>
    <property name="java.class.path" value="C:\Users\Juli\OneDrive\FACU\2024\1er cuatri\OO2 - Orientacion a Objetos\Practica\TP rafactoring\ejercicio_refactoring\target\test-classes;C:\Users\Juli\OneDrive\FACU\2024\1er cuatri\OO2 - Orientacion a Objetos\Practica\TP rafactoring\ejercicio_refactoring\target\classes;C:\Users\Juli\.m2\repository\org\junit\jupiter\junit-jupiter-engine\5.7.2\junit-jupiter-engine-5.7.2.jar;C:\Users\Juli\.m2\repository\org\apiguardian\apiguardian-api\1.1.0\apiguardian-api-1.1.0.jar;C:\Users\Juli\.m2\repository\org\junit\platform\junit-platform-engine\1.7.2\junit-platform-engine-1.7.2.jar;C:\Users\Juli\.m2\repository\org\opentest4j\opentest4j\1.2.0\opentest4j-1.2.0.jar;C:\Users\Juli\.m2\repository\org\junit\platform\junit-platform-commons\1.7.2\junit-platform-commons-1.7.2.jar;C:\Users\Juli\.m2\repository\org\junit\jupiter\junit-jupiter-api\5.7.2\junit-jupiter-api-5.7.2.jar;"/>
    <property name="java.vm.vendor" value="Oracle Corporation"/>
    <property name="sun.arch.data.model" value="64"/>
    <property name="user.variant" value=""/>
    <property name="java.vendor.url" value="https://java.oracle.com/"/>
    <property name="user.timezone" value="America/Buenos_Aires"/>
    <property name="user.country.format" value="AR"/>
    <property name="os.name" value="Windows 11"/>
    <property name="java.vm.specification.version" value="19"/>
    <property name="user.country" value="GB"/>
    <property name="sun.java.launcher" value="SUN_STANDARD"/>
    <property name="sun.boot.library.path" value="C:\Program Files\Java\jdk-19\bin"/>
    <property name="sun.java.command" value="C:\Users\Juli\AppData\Local\Temp\surefire7272842630455402207\surefirebooter287437057221736463.jar C:\Users\Juli\AppData\Local\Temp\surefire7272842630455402207 2024-05-24T12-29-18_422-jvmRun1 surefire1979349292260394965tmp surefire_03189237928955919255tmp"/>
    <property name="jdk.debug" value="release"/>
    <property name="test" value="ar.edu.unlp.info.oo2.facturacion_llamadas.EmpresaTest"/>
    <property name="surefire.test.class.path" value="C:\Users\Juli\OneDrive\FACU\2024\1er cuatri\OO2 - Orientacion a Objetos\Practica\TP rafactoring\ejercicio_refactoring\target\test-classes;C:\Users\Juli\OneDrive\FACU\2024\1er cuatri\OO2 - Orientacion a Objetos\Practica\TP rafactoring\ejercicio_refactoring\target\classes;C:\Users\Juli\.m2\repository\org\junit\jupiter\junit-jupiter-engine\5.7.2\junit-jupiter-engine-5.7.2.jar;C:\Users\Juli\.m2\repository\org\apiguardian\apiguardian-api\1.1.0\apiguardian-api-1.1.0.jar;C:\Users\Juli\.m2\repository\org\junit\platform\junit-platform-engine\1.7.2\junit-platform-engine-1.7.2.jar;C:\Users\Juli\.m2\repository\org\opentest4j\opentest4j\1.2.0\opentest4j-1.2.0.jar;C:\Users\Juli\.m2\repository\org\junit\platform\junit-platform-commons\1.7.2\junit-platform-commons-1.7.2.jar;C:\Users\Juli\.m2\repository\org\junit\jupiter\junit-jupiter-api\5.7.2\junit-jupiter-api-5.7.2.jar;"/>
    <property name="sun.cpu.endian" value="little"/>
    <property name="user.home" value="C:\Users\Juli"/>
    <property name="user.language" value="en"/>
    <property name="java.specification.vendor" value="Oracle Corporation"/>
    <property name="java.version.date" value="2023-01-17"/>
    <property name="java.home" value="C:\Program Files\Java\jdk-19"/>
    <property name="file.separator" value="\"/>
    <property name="basedir" value="C:\Users\Juli\OneDrive\FACU\2024\1er cuatri\OO2 - Orientacion a Objetos\Practica\TP rafactoring\ejercicio_refactoring"/>
    <property name="java.vm.compressedOopsMode" value="Zero based"/>
    <property name="line.separator" value="&#10;"/>
    <property name="java.vm.specification.vendor" value="Oracle Corporation"/>
    <property name="java.specification.name" value="Java Platform API Specification"/>
    <property name="surefire.real.class.path" value="C:\Users\Juli\AppData\Local\Temp\surefire7272842630455402207\surefirebooter287437057221736463.jar"/>
    <property name="user.script" value=""/>
    <property name="sun.management.compiler" value="HotSpot 64-Bit Tiered Compilers"/>
    <property name="java.runtime.version" value="19.0.2+7-44"/>
    <property name="user.name" value="Juli"/>
    <property name="stdout.encoding" value="Cp1252"/>
    <property name="path.separator" value=";"/>
    <property name="os.version" value="10.0"/>
    <property name="java.runtime.name" value="Java(TM) SE Runtime Environment"/>
    <property name="file.encoding" value="UTF-8"/>
    <property name="java.vm.name" value="Java HotSpot(TM) 64-Bit Server VM"/>
    <property name="maven.ext.class.path" value="C:\Program Files\NetBeans-18\netbeans\java\maven-nblib\netbeans-eventspy.jar"/>
    <property name="localRepository" value="C:\Users\Juli\.m2\repository"/>
    <property name="java.vendor.url.bug" value="https://bugreport.java.com/bugreport/"/>
    <property name="java.io.tmpdir" value="C:\Users\Juli\AppData\Local\Temp\"/>
    <property name="java.version" value="19.0.2"/>
    <property name="user.dir" value="C:\Users\Juli\OneDrive\FACU\2024\1er cuatri\OO2 - Orientacion a Objetos\Practica\TP rafactoring\ejercicio_refactoring"/>
    <property name="os.arch" value="amd64"/>
    <property name="java.vm.specification.name" value="Java Virtual Machine Specification"/>
    <property name="user.language.format" value="es"/>
    <property name="sun.os.patch.level" value=""/>
    <property name="native.encoding" value="Cp1252"/>
    <property name="java.library.path" value="C:\Program Files\Java\jdk-19\bin;C:\WINDOWS\Sun\Java\bin;C:\WINDOWS\system32;C:\WINDOWS;C:\Program Files\Common Files\Oracle\Java\javapath;C:\Program Files (x86)\Common Files\Oracle\Java\javapath;C:\WINDOWS\system32;C:\WINDOWS;C:\WINDOWS\System32\Wbem;C:\WINDOWS\System32\WindowsPowerShell\v1.0\;C:\WINDOWS\System32\OpenSSH\;C:\Program Files\NVIDIA Corporation\NVIDIA NvDLISR;C:\Program Files (x86)\NVIDIA Corporation\PhysX\Common;C:\Program Files\Docker\Docker\resources\bin;C:\FPC\3.2.2\bin\i386-Win32;C:\Program Files\Git\cmd;C:\Program Files\nodejs\;C:\Users\Juli\AppData\Local\Programs\Python\Launcher\;C:\Users\Juli\AppData\Local\Microsoft\WindowsApps;;C:\Users\Juli\AppData\Local\Programs\Microsoft VS Code\bin;C:\Users\Juli\AppData\Local\Programs\mongosh\;C:\Users\Juli\AppData\Roaming\npm;C:\Program Files (x86)\MongoDB Atlas CLI\;."/>
    <property name="java.vm.info" value="mixed mode, sharing"/>
    <property name="stderr.encoding" value="Cp1252"/>
    <property name="java.vendor" value="Oracle Corporation"/>
    <property name="java.vm.version" value="19.0.2+7-44"/>
    <property name="sun.io.unicode.encoding" value="UnicodeLittle"/>
    <property name="java.class.version" value="63.0"/>
  </properties>
  <testcase name="testAgregarUsuario" classname="ar.edu.unlp.info.oo2.facturacion_llamadas.EmpresaTest" time="0.013"/>
  <testcase name="obtenerNumeroLibre" classname="ar.edu.unlp.info.oo2.facturacion_llamadas.EmpresaTest" time="0.002"/>
  <testcase name="testcalcularMontoTotalLlamadas" classname="ar.edu.unlp.info.oo2.facturacion_llamadas.EmpresaTest" time="0.002"/>
</testsuite>